Main: 
Number of reads from DummyReads.fasta: 4
User defined size of k-mer: 5

Shortest read: id             Read3
sequence    AGCCTTCG
length             8
Name: 2, dtype: object

Longest read: id                  Read1
sequence    ACTGGATCTTCAG
length                 13
Name: 0, dtype: object

ReadsToKmer completed in: 0.00010323524475097656

DeBruijnGraph completed in: 1.2874603271484375e-05

Number of start nodes: 2
Number of end nodes: 3
Average contig length: 12.0
Total number of contigs: [5]
Minimum contig length: 11
Maximum contig length: 13
Create Contigs completed in: 0.00030422210693359375

Search String completed in: 0.002095937728881836

Output file creation completed in: 0.0006730556488037109

Memory used: 103.9375 MB
Total Runtime: 0.00493621826171875

